<?xml version="1.0" encoding="UTF-8"?>
<testng-results skipped="0" failed="0" ignored="0" total="2" passed="2">
  <reporter-output>
  </reporter-output>
  <suite name="Default suite" duration-ms="13789" started-at="2017-12-04T14:13:23Z" finished-at="2017-12-04T14:13:37Z">
    <groups>
    </groups>
    <test name="Default test" duration-ms="13789" started-at="2017-12-04T14:13:23Z" finished-at="2017-12-04T14:13:37Z">
      <class name="com.bi.pages.automation.Login">
        <test-method status="PASS" signature="initDriver()[pri:1, instance:com.bi.pages.automation.Login@43e28fe3]" name="initDriver" duration-ms="7085" started-at="2017-12-04T19:43:23Z" finished-at="2017-12-04T19:43:30Z">
          <reporter-output>
          </reporter-output>
        </test-method> <!-- initDriver -->
        <test-method status="PASS" signature="loginToApp()[pri:2, instance:com.bi.pages.automation.Login@43e28fe3]" name="loginToApp" duration-ms="6630" started-at="2017-12-04T19:43:30Z" finished-at="2017-12-04T19:43:37Z">
          <reporter-output>
          </reporter-output>
        </test-method> <!-- loginToApp -->
      </class> <!-- com.bi.pages.automation.Login -->
    </test> <!-- Default test -->
  </suite> <!-- Default suite -->
</testng-results>
